<?xml version="1.0" encoding="UTF-8"?>
<!-- Generated by org.testng.reporters.JUnitReportReporter -->
<testsuite skipped="0" hostname="GSD-16171537" name="Academy.validateNavigationBar" tests="1" failures="0" timestamp="2020-04-30T23:19:27 IST" time="0.164" errors="0">
  <testcase name="validateAppNavBar" time="0.164" classname="Academy.validateNavigationBar"/>
</testsuite> <!-- Academy.validateNavigationBar -->
